#
# A fatal error has been detected by the Java Runtime Environment:
#
#  EXCEPTION_ACCESS_VIOLATION (0xc0000005) at pc=0x000001f00002e968, pid=53172, tid=53072
#
# JRE version: Java(TM) SE Runtime Environment 18.9 (11.0.13+10) (build 11.0.13+10-LTS-370)
# Java VM: Java HotSpot(TM) 64-Bit Server VM 18.9 (11.0.13+10-LTS-370, mixed mode, tiered, compressed oops, g1 gc, windows-amd64)
# Problematic frame:
# j  br.com.texthelper.controller.TextHelperController.getRequest(Ljava/lang/String;)Lbr/com/texthelper/models/Request;+3
#
# No core dump will be written. Minidumps are not enabled by default on client versions of Windows
#
# If you would like to submit a bug report, please visit:
#   https://bugreport.java.com/bugreport/crash.jsp
#

---------------  S U M M A R Y ------------

Command Line: -agentlib:jdwp=transport=dt_socket,suspend=y,address=localhost:60811 -Dcom.sun.management.jmxremote -Dcom.sun.management.jmxremote.port=60810 -Dcom.sun.management.jmxremote.authenticate=false -Dcom.sun.management.jmxremote.ssl=false -Djava.rmi.server.hostname=localhost -Dspring.jmx.enabled=true -Dspring.application.admin.enabled=true -XX:TieredStopAtLevel=1 -Dspring.boot.project.name=texthelper -javaagent:C:\Users\juanp\eclipse\jee-2021-12\eclipse\configuration\org.eclipse.osgi\421\0\.cp\lib\javaagent-shaded.jar -Dfile.encoding=UTF-8 br.com.texthelper.App --spring.profiles.active=local

Host: 11th Gen Intel(R) Core(TM) i7-11390H @ 3.40GHz, 8 cores, 15G,  Windows 10 , 64 bit Build 22000 (10.0.22000.434)
Time: Tue Mar  8 23:38:04 2022 Hora oficial do Brasil elapsed time: 2008.966225 seconds (0d 0h 33m 28s)

---------------  T H R E A D  ---------------

Current thread (0x000001f01020e000):  JavaThread "http-nio-8010-exec-4" daemon [_thread_in_Java, id=53072, stack(0x000000418d700000,0x000000418d800000)]

Stack: [0x000000418d700000,0x000000418d800000],  sp=0x000000418d7fcce8,  free space=1011k
Native frames: (J=compiled Java code, j=interpreted, Vv=VM code, C=native code)
C  0x000001f00002e968


siginfo: EXCEPTION_ACCESS_VIOLATION (0xc0000005), reading address 0x00000008117b9189


Register to memory mapping:

RIP=0x000001f00002e968 is at code_begin+648 in an Interpreter codelet
checkcast  192 checkcast  [0x000001f00002e6e0, 0x000001f00002ea00]  800 bytes
RAX=0x00000008004b91e0 is a pointer to class: 
br.com.texthelper.models.Request {0x00000008004b91e8}
RBX=0x00000008117b9151 is an unknown value
RCX=0x0000000000000038 is an unknown value
RDX=0x000000418d7fcc68 is pointing into the stack for thread: 0x000001f01020e000
RSP=0x000000418d7fcce8 is pointing into the stack for thread: 0x000001f01020e000
RBP=0x000000418d7fcd30 is pointing into the stack for thread: 0x000001f01020e000
RSI=0x0 is NULL
RDI=0x0000000010200020 is an unknown value
R8 =0x0000000000000006 is an unknown value
R9 =0x0000000000000006 is an unknown value
R10=0x00007ffee7cd5130 jvm.dll
R11=0x000000418d7fcc30 is pointing into the stack for thread: 0x000001f01020e000
R12=0x0 is NULL
R13=0x000001f010d9e2ae is pointing into metadata
R14=0x000000418d7fcd50 is pointing into the stack for thread: 0x000001f01020e000
R15=0x000001f01020e000 is a thread


Registers:
RAX=0x00000008004b91e0, RBX=0x00000008117b9151, RCX=0x0000000000000038, RDX=0x000000418d7fcc68
RSP=0x000000418d7fcce8, RBP=0x000000418d7fcd30, RSI=0x0000000000000000, RDI=0x0000000010200020
R8 =0x0000000000000006, R9 =0x0000000000000006, R10=0x00007ffee7cd5130, R11=0x000000418d7fcc30
R12=0x0000000000000000, R13=0x000001f010d9e2ae, R14=0x000000418d7fcd50, R15=0x000001f01020e000
RIP=0x000001f00002e968, EFLAGS=0x0000000000010206

Top of Stack: (sp=0x000000418d7fcce8)
0x000000418d7fcce8:   000000418d7fcce8 000001f010d9e2ab
0x000000418d7fccf8:   000000418d7fcd50 000001f01134ffa0
0x000000418d7fcd08:   0000000000000000 0000000711c585f0
0x000000418d7fcd18:   000001f010d9e2f8 0000000000000000
0x000000418d7fcd28:   000000418d7fcd48 000000418d7fcf30
0x000000418d7fcd38:   000001f000000eea 0000000000000000
0x000000418d7fcd48:   0000000711017a60 00000007163aa090
0x000000418d7fcd58:   0000000000000000 0000000000000000
0x000000418d7fcd68:   0000000000000000 0000000000000000
0x000000418d7fcd78:   0000000000000000 0000000000000000
0x000000418d7fcd88:   0000000000000000 0000000000000000
0x000000418d7fcd98:   0000000000000000 0000000000000000
0x000000418d7fcda8:   0000000000000000 0000000000000000
0x000000418d7fcdb8:   0000000000000000 0000000000000000
0x000000418d7fcdc8:   0000000000000000 0000000000000000
0x000000418d7fcdd8:   0000000000000000 0000000000000000 

Instructions: (pc=0x000001f00002e968)
0x000001f00002e948:   89 59 18 bf 01 00 00 00 48 89 79 20 48 83 c1 38
0x000001f00002e958:   48 89 4d d8 48 3b d8 0f 84 5b 00 00 00 8b 48 10
0x000001f00002e968:   48 3b 04 0b 0f 84 4e 00 00 00 83 f9 20 0f 85 22
0x000001f00002e978:   00 00 00 50 48 8b c0 57 48 8b 7b 28 8b 0f 48 83 


Stack slot to memory mapping:
stack at sp + 0 slots: 0x000000418d7fcce8 is pointing into the stack for thread: 0x000001f01020e000
stack at sp + 1 slots: 0x000001f010d9e2ab is pointing into metadata
stack at sp + 2 slots: 0x000000418d7fcd50 is pointing into the stack for thread: 0x000001f01020e000
stack at sp + 3 slots: 0x000001f01134ffa0 is pointing into metadata
stack at sp + 4 slots: 0x0 is NULL
stack at sp + 5 slots: 0x0000000711c585f0 is an oop: java.lang.Class 
{0x0000000711c585f0} - klass: 'java/lang/Class'
stack at sp + 6 slots: {method} {0x000001f010d9e300} 'getRequest' '(Ljava/lang/String;)Lbr/com/texthelper/models/Request;' in 'br/com/texthelper/controller/TextHelperController'
stack at sp + 7 slots: 0x0 is NULL

checkcast  192 checkcast  [0x000001f00002e6e0, 0x000001f00002ea00]  800 bytes

---------------  P R O C E S S  ---------------

Threads class SMR info:
_java_thread_list=0x000001f00f6c37a0, length=27, elements={
0x000001f07e09c800, 0x000001f07e09e800, 0x000001f07e0c4800, 0x000001f07e0c9800,
0x000001f07e0ca800, 0x000001f07e9ad800, 0x000001f07e9b9800, 0x000001f07eaed800,
0x000001f07eb53800, 0x000001f07eb56800, 0x000001f07eb58000, 0x000001f07f460000,
0x000001f07f45c000, 0x000001f07f538800, 0x000001f00f900800, 0x000001f00f8fd000,
0x000001f01000d800, 0x000001f010008800, 0x000001f010009800, 0x000001f01000a000,
0x000001f010008000, 0x000001f01000e800, 0x000001f01020b800, 0x000001f010213800,
0x000001f010212000, 0x000001f01020c800, 0x000001f01020e000
}

Java Threads: ( => current thread )
  0x000001f07e09c800 JavaThread "Reference Handler" daemon [_thread_blocked, id=51872, stack(0x000000418e000000,0x000000418e100000)]
  0x000001f07e09e800 JavaThread "Finalizer" daemon [_thread_blocked, id=49976, stack(0x000000418e100000,0x000000418e200000)]
  0x000001f07e0c4800 JavaThread "Signal Dispatcher" daemon [_thread_blocked, id=51572, stack(0x000000418e200000,0x000000418e300000)]
  0x000001f07e0c9800 JavaThread "Attach Listener" daemon [_thread_blocked, id=53712, stack(0x000000418e300000,0x000000418e400000)]
  0x000001f07e0ca800 JavaThread "Service Thread" daemon [_thread_blocked, id=54696, stack(0x000000418e400000,0x000000418e500000)]
  0x000001f07e9ad800 JavaThread "C1 CompilerThread0" daemon [_thread_blocked, id=25704, stack(0x000000418e500000,0x000000418e600000)]
  0x000001f07e9b9800 JavaThread "Sweeper thread" daemon [_thread_blocked, id=12260, stack(0x000000418e600000,0x000000418e700000)]
  0x000001f07eaed800 JavaThread "Common-Cleaner" daemon [_thread_blocked, id=23140, stack(0x000000418e700000,0x000000418e800000)]
  0x000001f07eb53800 JavaThread "JDWP Transport Listener: dt_socket" daemon [_thread_blocked, id=53024, stack(0x000000418e800000,0x000000418e900000)]
  0x000001f07eb56800 JavaThread "JDWP Event Helper Thread" daemon [_thread_blocked, id=47784, stack(0x000000418e900000,0x000000418ea00000)]
  0x000001f07eb58000 JavaThread "JDWP Command Reader" daemon [_thread_blocked, id=51324, stack(0x000000418ea00000,0x000000418eb00000)]
  0x000001f07f460000 JavaThread "RMI TCP Accept-0" daemon [_thread_in_native, id=53068, stack(0x000000418eb00000,0x000000418ec00000)]
  0x000001f07f45c000 JavaThread "RMI TCP Accept-60810" daemon [_thread_in_native, id=55272, stack(0x000000418ec00000,0x000000418ed00000)]
  0x000001f07f538800 JavaThread "RMI TCP Accept-0" daemon [_thread_in_native, id=49960, stack(0x000000418ed00000,0x000000418ee00000)]
  0x000001f00f900800 JavaThread "RMI Scheduler(0)" daemon [_thread_blocked, id=54156, stack(0x000000418f700000,0x000000418f800000)]
  0x000001f00f8fd000 JavaThread "JMX server connection timeout 24" daemon [_thread_blocked, id=48284, stack(0x000000418f900000,0x000000418fa00000)]
  0x000001f01000d800 JavaThread "Catalina-utility-1" [_thread_blocked, id=54464, stack(0x000000418f500000,0x000000418f600000)]
  0x000001f010008800 JavaThread "Catalina-utility-2" [_thread_blocked, id=56268, stack(0x000000418fa00000,0x000000418fb00000)]
  0x000001f010009800 JavaThread "container-0" [_thread_blocked, id=53220, stack(0x000000418fb00000,0x000000418fc00000)]
  0x000001f01000a000 JavaThread "http-nio-8010-Poller" daemon [_thread_in_native, id=50716, stack(0x000000418fc00000,0x000000418fd00000)]
  0x000001f010008000 JavaThread "http-nio-8010-Acceptor" daemon [_thread_in_native, id=51300, stack(0x000000418fd00000,0x000000418fe00000)]
  0x000001f01000e800 JavaThread "DestroyJavaVM" [_thread_blocked, id=51608, stack(0x000000418d900000,0x000000418da00000)]
  0x000001f01020b800 JavaThread "RMI TCP Connection(idle)" daemon [_thread_blocked, id=42704, stack(0x0000004190500000,0x0000004190600000)]
  0x000001f010213800 JavaThread "http-nio-8010-exec-1" daemon [_thread_blocked, id=48192, stack(0x000000418ff00000,0x0000004190000000)]
  0x000001f010212000 JavaThread "http-nio-8010-exec-2" daemon [_thread_blocked, id=42672, stack(0x0000004190300000,0x0000004190400000)]
  0x000001f01020c800 JavaThread "http-nio-8010-exec-3" daemon [_thread_blocked, id=49548, stack(0x000000418d600000,0x000000418d700000)]
=>0x000001f01020e000 JavaThread "http-nio-8010-exec-4" daemon [_thread_in_Java, id=53072, stack(0x000000418d700000,0x000000418d800000)]

Other Threads:
  0x000001f07e099000 VMThread "VM Thread" [stack: 0x000000418df00000,0x000000418e000000] [id=55876] _threads_hazard_ptr=0x000001f00f6c37a0
  0x000001f07f54b000 WatcherThread [stack: 0x000000418ee00000,0x000000418ef00000] [id=53560]
  0x000001f06a65c000 GCTaskThread "GC Thread#0" [stack: 0x000000418da00000,0x000000418db00000] [id=46828]
  0x000001f07f677800 GCTaskThread "GC Thread#1" [stack: 0x000000418ef00000,0x000000418f000000] [id=43568]
  0x000001f07f67a800 GCTaskThread "GC Thread#2" [stack: 0x000000418f000000,0x000000418f100000] [id=52360]
  0x000001f07f67b000 GCTaskThread "GC Thread#3" [stack: 0x000000418f100000,0x000000418f200000] [id=44888]
  0x000001f07f67c000 GCTaskThread "GC Thread#4" [stack: 0x000000418f200000,0x000000418f300000] [id=48604]
  0x000001f07f67d000 GCTaskThread "GC Thread#5" [stack: 0x000000418f300000,0x000000418f400000] [id=47380]
  0x000001f0685ab800 ConcurrentGCThread "G1 Main Marker" [stack: 0x000000418db00000,0x000000418dc00000] [id=48896]
  0x000001f0685ac800 ConcurrentGCThread "G1 Conc#0" [stack: 0x000000418dc00000,0x000000418dd00000] [id=39244]
  0x000001f00f4a0800 ConcurrentGCThread "G1 Conc#1" [stack: 0x000000418f400000,0x000000418f500000] [id=43820]
  0x000001f07df8b000 ConcurrentGCThread "G1 Refine#0" [stack: 0x000000418dd00000,0x000000418de00000] [id=54440]
  0x000001f07df8c000 ConcurrentGCThread "G1 Young RemSet Sampling" [stack: 0x000000418de00000,0x000000418df00000] [id=54728]

Threads with active compile tasks:

VM state:synchronizing (normal execution)

VM Mutex/Monitor currently owned by a thread:  ([mutex/lock_event])
[0x000001f06a642880] Safepoint_lock - owner thread: 0x000001f07e099000
[0x000001f06a642400] Threads_lock - owner thread: 0x000001f07e099000

Heap address: 0x0000000704000000, size: 4032 MB, Compressed Oops mode: Zero based, Oop shift amount: 3
Narrow klass base: 0x0000000800000000, Narrow klass shift: 0
Compressed class space size: 1073741824 Address: 0x0000000800000000

Heap:
 garbage-first heap   total 310272K, used 100529K [0x0000000704000000, 0x0000000800000000)
  region size 1024K, 95 young (97280K), 7 survivors (7168K)
 Metaspace       used 41277K, capacity 42689K, committed 42800K, reserved 1087488K
  class space    used 5103K, capacity 5697K, committed 5760K, reserved 1048576K
Heap Regions: E=young(eden), S=young(survivor), O=old, HS=humongous(starts), HC=humongous(continues), CS=collection set, F=free, A=archive, TAMS=top-at-mark-start (previous, next)
|   0|0x0000000704000000, 0x0000000704100000, 0x0000000704100000|100%| O|  |TAMS 0x0000000704100000, 0x0000000704000000| Untracked 
|   1|0x0000000704100000, 0x0000000704200000, 0x0000000704200000|100%| O|  |TAMS 0x0000000704200000, 0x0000000704100000| Untracked 
|   2|0x0000000704200000, 0x0000000704300000, 0x0000000704300000|100%| O|  |TAMS 0x0000000704300000, 0x0000000704200000| Untracked 
|   3|0x0000000704300000, 0x0000000704400000, 0x0000000704400000|100%| O|  |TAMS 0x0000000704400000, 0x0000000704300000| Untracked 
|   4|0x0000000704400000, 0x0000000704491a00, 0x0000000704500000| 56%| O|  |TAMS 0x0000000704491a00, 0x0000000704400000| Untracked 
|   5|0x0000000704500000, 0x0000000704500000, 0x0000000704600000|  0%| F|  |TAMS 0x0000000704500000, 0x0000000704500000| Untracked 
|   6|0x0000000704600000, 0x0000000704600000, 0x0000000704700000|  0%| F|  |TAMS 0x0000000704600000, 0x0000000704600000| Untracked 
|   7|0x0000000704700000, 0x0000000704700000, 0x0000000704800000|  0%| F|  |TAMS 0x0000000704700000, 0x0000000704700000| Untracked 
|   8|0x0000000704800000, 0x0000000704800000, 0x0000000704900000|  0%| F|  |TAMS 0x0000000704800000, 0x0000000704800000| Untracked 
|   9|0x0000000704900000, 0x0000000704900000, 0x0000000704a00000|  0%| F|  |TAMS 0x0000000704900000, 0x0000000704900000| Untracked 
|  10|0x0000000704a00000, 0x0000000704a00000, 0x0000000704b00000|  0%| F|  |TAMS 0x0000000704a00000, 0x0000000704a00000| Untracked 
|  11|0x0000000704b00000, 0x0000000704b00000, 0x0000000704c00000|  0%| F|  |TAMS 0x0000000704b00000, 0x0000000704b00000| Untracked 
|  12|0x0000000704c00000, 0x0000000704c00000, 0x0000000704d00000|  0%| F|  |TAMS 0x0000000704c00000, 0x0000000704c00000| Untracked 
|  13|0x0000000704d00000, 0x0000000704d00000, 0x0000000704e00000|  0%| F|  |TAMS 0x0000000704d00000, 0x0000000704d00000| Untracked 
|  14|0x0000000704e00000, 0x0000000704e00000, 0x0000000704f00000|  0%| F|  |TAMS 0x0000000704e00000, 0x0000000704e00000| Untracked 
|  15|0x0000000704f00000, 0x0000000704f00000, 0x0000000705000000|  0%| F|  |TAMS 0x0000000704f00000, 0x0000000704f00000| Untracked 
|  16|0x0000000705000000, 0x0000000705000000, 0x0000000705100000|  0%| F|  |TAMS 0x0000000705000000, 0x0000000705000000| Untracked 
|  17|0x0000000705100000, 0x0000000705100000, 0x0000000705200000|  0%| F|  |TAMS 0x0000000705100000, 0x0000000705100000| Untracked 
|  18|0x0000000705200000, 0x0000000705200000, 0x0000000705300000|  0%| F|  |TAMS 0x0000000705200000, 0x0000000705200000| Untracked 
|  19|0x0000000705300000, 0x0000000705300000, 0x0000000705400000|  0%| F|  |TAMS 0x0000000705300000, 0x0000000705300000| Untracked 
|  20|0x0000000705400000, 0x0000000705400000, 0x0000000705500000|  0%| F|  |TAMS 0x0000000705400000, 0x0000000705400000| Untracked 
|  21|0x0000000705500000, 0x0000000705500000, 0x0000000705600000|  0%| F|  |TAMS 0x0000000705500000, 0x0000000705500000| Untracked 
|  22|0x0000000705600000, 0x0000000705600000, 0x0000000705700000|  0%| F|  |TAMS 0x0000000705600000, 0x0000000705600000| Untracked 
|  23|0x0000000705700000, 0x0000000705700000, 0x0000000705800000|  0%| F|  |TAMS 0x0000000705700000, 0x0000000705700000| Untracked 
|  24|0x0000000705800000, 0x0000000705800000, 0x0000000705900000|  0%| F|  |TAMS 0x0000000705800000, 0x0000000705800000| Untracked 
|  25|0x0000000705900000, 0x0000000705900000, 0x0000000705a00000|  0%| F|  |TAMS 0x0000000705900000, 0x0000000705900000| Untracked 
|  26|0x0000000705a00000, 0x0000000705a00000, 0x0000000705b00000|  0%| F|  |TAMS 0x0000000705a00000, 0x0000000705a00000| Untracked 
|  27|0x0000000705b00000, 0x0000000705b00000, 0x0000000705c00000|  0%| F|  |TAMS 0x0000000705b00000, 0x0000000705b00000| Untracked 
|  28|0x0000000705c00000, 0x0000000705c00000, 0x0000000705d00000|  0%| F|  |TAMS 0x0000000705c00000, 0x0000000705c00000| Untracked 
|  29|0x0000000705d00000, 0x0000000705d00000, 0x0000000705e00000|  0%| F|  |TAMS 0x0000000705d00000, 0x0000000705d00000| Untracked 
|  30|0x0000000705e00000, 0x0000000705e00000, 0x0000000705f00000|  0%| F|  |TAMS 0x0000000705e00000, 0x0000000705e00000| Untracked 
|  31|0x0000000705f00000, 0x0000000705f00000, 0x0000000706000000|  0%| F|  |TAMS 0x0000000705f00000, 0x0000000705f00000| Untracked 
|  32|0x0000000706000000, 0x0000000706000000, 0x0000000706100000|  0%| F|  |TAMS 0x0000000706000000, 0x0000000706000000| Untracked 
|  33|0x0000000706100000, 0x0000000706100000, 0x0000000706200000|  0%| F|  |TAMS 0x0000000706100000, 0x0000000706100000| Untracked 
|  34|0x0000000706200000, 0x0000000706200000, 0x0000000706300000|  0%| F|  |TAMS 0x0000000706200000, 0x0000000706200000| Untracked 
|  35|0x0000000706300000, 0x0000000706300000, 0x0000000706400000|  0%| F|  |TAMS 0x0000000706300000, 0x0000000706300000| Untracked 
|  36|0x0000000706400000, 0x0000000706400000, 0x0000000706500000|  0%| F|  |TAMS 0x0000000706400000, 0x0000000706400000| Untracked 
|  37|0x0000000706500000, 0x0000000706500000, 0x0000000706600000|  0%| F|  |TAMS 0x0000000706500000, 0x0000000706500000| Untracked 
|  38|0x0000000706600000, 0x0000000706600000, 0x0000000706700000|  0%| F|  |TAMS 0x0000000706600000, 0x0000000706600000| Untracked 
|  39|0x0000000706700000, 0x0000000706700000, 0x0000000706800000|  0%| F|  |TAMS 0x0000000706700000, 0x0000000706700000| Untracked 
|  40|0x0000000706800000, 0x0000000706800000, 0x0000000706900000|  0%| F|  |TAMS 0x0000000706800000, 0x0000000706800000| Untracked 
|  41|0x0000000706900000, 0x0000000706900000, 0x0000000706a00000|  0%| F|  |TAMS 0x0000000706900000, 0x0000000706900000| Untracked 
|  42|0x0000000706a00000, 0x0000000706a00000, 0x0000000706b00000|  0%| F|  |TAMS 0x0000000706a00000, 0x0000000706a00000| Untracked 
|  43|0x0000000706b00000, 0x0000000706b00000, 0x0000000706c00000|  0%| F|  |TAMS 0x0000000706b00000, 0x0000000706b00000| Untracked 
|  44|0x0000000706c00000, 0x0000000706c00000, 0x0000000706d00000|  0%| F|  |TAMS 0x0000000706c00000, 0x0000000706c00000| Untracked 
|  45|0x0000000706d00000, 0x0000000706d00000, 0x0000000706e00000|  0%| F|  |TAMS 0x0000000706d00000, 0x0000000706d00000| Untracked 
|  46|0x0000000706e00000, 0x0000000706e00000, 0x0000000706f00000|  0%| F|  |TAMS 0x0000000706e00000, 0x0000000706e00000| Untracked 
|  47|0x0000000706f00000, 0x0000000706f00000, 0x0000000707000000|  0%| F|  |TAMS 0x0000000706f00000, 0x0000000706f00000| Untracked 
|  48|0x0000000707000000, 0x0000000707000000, 0x0000000707100000|  0%| F|  |TAMS 0x0000000707000000, 0x0000000707000000| Untracked 
|  49|0x0000000707100000, 0x0000000707100000, 0x0000000707200000|  0%| F|  |TAMS 0x0000000707100000, 0x0000000707100000| Untracked 
|  50|0x0000000707200000, 0x0000000707200000, 0x0000000707300000|  0%| F|  |TAMS 0x0000000707200000, 0x0000000707200000| Untracked 
|  51|0x0000000707300000, 0x0000000707300000, 0x0000000707400000|  0%| F|  |TAMS 0x0000000707300000, 0x0000000707300000| Untracked 
|  52|0x0000000707400000, 0x0000000707400000, 0x0000000707500000|  0%| F|  |TAMS 0x0000000707400000, 0x0000000707400000| Untracked 
|  53|0x0000000707500000, 0x0000000707500000, 0x0000000707600000|  0%| F|  |TAMS 0x0000000707500000, 0x0000000707500000| Untracked 
|  54|0x0000000707600000, 0x0000000707600000, 0x0000000707700000|  0%| F|  |TAMS 0x0000000707600000, 0x0000000707600000| Untracked 
|  55|0x0000000707700000, 0x0000000707700000, 0x0000000707800000|  0%| F|  |TAMS 0x0000000707700000, 0x0000000707700000| Untracked 
|  56|0x0000000707800000, 0x0000000707800000, 0x0000000707900000|  0%| F|  |TAMS 0x0000000707800000, 0x0000000707800000| Untracked 
|  57|0x0000000707900000, 0x0000000707900000, 0x0000000707a00000|  0%| F|  |TAMS 0x0000000707900000, 0x0000000707900000| Untracked 
|  58|0x0000000707a00000, 0x0000000707a00000, 0x0000000707b00000|  0%| F|  |TAMS 0x0000000707a00000, 0x0000000707a00000| Untracked 
|  59|0x0000000707b00000, 0x0000000707b00000, 0x0000000707c00000|  0%| F|  |TAMS 0x0000000707b00000, 0x0000000707b00000| Untracked 
|  60|0x0000000707c00000, 0x0000000707c00000, 0x0000000707d00000|  0%| F|  |TAMS 0x0000000707c00000, 0x0000000707c00000| Untracked 
|  61|0x0000000707d00000, 0x0000000707d00000, 0x0000000707e00000|  0%| F|  |TAMS 0x0000000707d00000, 0x0000000707d00000| Untracked 
|  62|0x0000000707e00000, 0x0000000707e00000, 0x0000000707f00000|  0%| F|  |TAMS 0x0000000707e00000, 0x0000000707e00000| Untracked 
|  63|0x0000000707f00000, 0x0000000707f00000, 0x0000000708000000|  0%| F|  |TAMS 0x0000000707f00000, 0x0000000707f00000| Untracked 
|  64|0x0000000708000000, 0x0000000708000000, 0x0000000708100000|  0%| F|  |TAMS 0x0000000708000000, 0x0000000708000000| Untracked 
|  65|0x0000000708100000, 0x0000000708100000, 0x0000000708200000|  0%| F|  |TAMS 0x0000000708100000, 0x0000000708100000| Untracked 
|  66|0x0000000708200000, 0x0000000708200000, 0x0000000708300000|  0%| F|  |TAMS 0x0000000708200000, 0x0000000708200000| Untracked 
|  67|0x0000000708300000, 0x0000000708300000, 0x0000000708400000|  0%| F|  |TAMS 0x0000000708300000, 0x0000000708300000| Untracked 
|  68|0x0000000708400000, 0x0000000708400000, 0x0000000708500000|  0%| F|  |TAMS 0x0000000708400000, 0x0000000708400000| Untracked 
|  69|0x0000000708500000, 0x0000000708500000, 0x0000000708600000|  0%| F|  |TAMS 0x0000000708500000, 0x0000000708500000| Untracked 
|  70|0x0000000708600000, 0x0000000708600000, 0x0000000708700000|  0%| F|  |TAMS 0x0000000708600000, 0x0000000708600000| Untracked 
|  71|0x0000000708700000, 0x0000000708700000, 0x0000000708800000|  0%| F|  |TAMS 0x0000000708700000, 0x0000000708700000| Untracked 
|  72|0x0000000708800000, 0x0000000708800000, 0x0000000708900000|  0%| F|  |TAMS 0x0000000708800000, 0x0000000708800000| Untracked 
|  73|0x0000000708900000, 0x0000000708900000, 0x0000000708a00000|  0%| F|  |TAMS 0x0000000708900000, 0x0000000708900000| Untracked 
|  74|0x0000000708a00000, 0x0000000708a00000, 0x0000000708b00000|  0%| F|  |TAMS 0x0000000708a00000, 0x0000000708a00000| Untracked 
|  75|0x0000000708b00000, 0x0000000708b00000, 0x0000000708c00000|  0%| F|  |TAMS 0x0000000708b00000, 0x0000000708b00000| Untracked 
|  76|0x0000000708c00000, 0x0000000708c00000, 0x0000000708d00000|  0%| F|  |TAMS 0x0000000708c00000, 0x0000000708c00000| Untracked 
|  77|0x0000000708d00000, 0x0000000708d00000, 0x0000000708e00000|  0%| F|  |TAMS 0x0000000708d00000, 0x0000000708d00000| Untracked 
|  78|0x0000000708e00000, 0x0000000708e00000, 0x0000000708f00000|  0%| F|  |TAMS 0x0000000708e00000, 0x0000000708e00000| Untracked 
|  79|0x0000000708f00000, 0x0000000708f00000, 0x0000000709000000|  0%| F|  |TAMS 0x0000000708f00000, 0x0000000708f00000| Untracked 
|  80|0x0000000709000000, 0x0000000709000000, 0x0000000709100000|  0%| F|  |TAMS 0x0000000709000000, 0x0000000709000000| Untracked 
|  81|0x0000000709100000, 0x0000000709100000, 0x0000000709200000|  0%| F|  |TAMS 0x0000000709100000, 0x0000000709100000| Untracked 
|  82|0x0000000709200000, 0x0000000709200000, 0x0000000709300000|  0%| F|  |TAMS 0x0000000709200000, 0x0000000709200000| Untracked 
|  83|0x0000000709300000, 0x0000000709300000, 0x0000000709400000|  0%| F|  |TAMS 0x0000000709300000, 0x0000000709300000| Untracked 
|  84|0x0000000709400000, 0x0000000709400000, 0x0000000709500000|  0%| F|  |TAMS 0x0000000709400000, 0x0000000709400000| Untracked 
|  85|0x0000000709500000, 0x0000000709500000, 0x0000000709600000|  0%| F|  |TAMS 0x0000000709500000, 0x0000000709500000| Untracked 
|  86|0x0000000709600000, 0x0000000709600000, 0x0000000709700000|  0%| F|  |TAMS 0x0000000709600000, 0x0000000709600000| Untracked 
|  87|0x0000000709700000, 0x0000000709700000, 0x0000000709800000|  0%| F|  |TAMS 0x0000000709700000, 0x0000000709700000| Untracked 
|  88|0x0000000709800000, 0x0000000709800000, 0x0000000709900000|  0%| F|  |TAMS 0x0000000709800000, 0x0000000709800000| Untracked 
|  89|0x0000000709900000, 0x0000000709900000, 0x0000000709a00000|  0%| F|  |TAMS 0x0000000709900000, 0x0000000709900000| Untracked 
|  90|0x0000000709a00000, 0x0000000709a00000, 0x0000000709b00000|  0%| F|  |TAMS 0x0000000709a00000, 0x0000000709a00000| Untracked 
|  91|0x0000000709b00000, 0x0000000709b00000, 0x0000000709c00000|  0%| F|  |TAMS 0x0000000709b00000, 0x0000000709b00000| Untracked 
|  92|0x0000000709c00000, 0x0000000709c00000, 0x0000000709d00000|  0%| F|  |TAMS 0x0000000709c00000, 0x0000000709c00000| Untracked 
|  93|0x0000000709d00000, 0x0000000709d00000, 0x0000000709e00000|  0%| F|  |TAMS 0x0000000709d00000, 0x0000000709d00000| Untracked 
|  94|0x0000000709e00000, 0x0000000709e00000, 0x0000000709f00000|  0%| F|  |TAMS 0x0000000709e00000, 0x0000000709e00000| Untracked 
|  95|0x0000000709f00000, 0x0000000709f00000, 0x000000070a000000|  0%| F|  |TAMS 0x0000000709f00000, 0x0000000709f00000| Untracked 
|  96|0x000000070a000000, 0x000000070a000000, 0x000000070a100000|  0%| F|  |TAMS 0x000000070a000000, 0x000000070a000000| Untracked 
|  97|0x000000070a100000, 0x000000070a100000, 0x000000070a200000|  0%| F|  |TAMS 0x000000070a100000, 0x000000070a100000| Untracked 
|  98|0x000000070a200000, 0x000000070a200000, 0x000000070a300000|  0%| F|  |TAMS 0x000000070a200000, 0x000000070a200000| Untracked 
|  99|0x000000070a300000, 0x000000070a300000, 0x000000070a400000|  0%| F|  |TAMS 0x000000070a300000, 0x000000070a300000| Untracked 
| 100|0x000000070a400000, 0x000000070a400000, 0x000000070a500000|  0%| F|  |TAMS 0x000000070a400000, 0x000000070a400000| Untracked 
| 101|0x000000070a500000, 0x000000070a500000, 0x000000070a600000|  0%| F|  |TAMS 0x000000070a500000, 0x000000070a500000| Untracked 
| 102|0x000000070a600000, 0x000000070a600000, 0x000000070a700000|  0%| F|  |TAMS 0x000000070a600000, 0x000000070a600000| Untracked 
| 103|0x000000070a700000, 0x000000070a700000, 0x000000070a800000|  0%| F|  |TAMS 0x000000070a700000, 0x000000070a700000| Untracked 
| 104|0x000000070a800000, 0x000000070a800000, 0x000000070a900000|  0%| F|  |TAMS 0x000000070a800000, 0x000000070a800000| Untracked 
| 105|0x000000070a900000, 0x000000070a900000, 0x000000070aa00000|  0%| F|  |TAMS 0x000000070a900000, 0x000000070a900000| Untracked 
| 106|0x000000070aa00000, 0x000000070aa00000, 0x000000070ab00000|  0%| F|  |TAMS 0x000000070aa00000, 0x000000070aa00000| Untracked 
| 107|0x000000070ab00000, 0x000000070ab00000, 0x000000070ac00000|  0%| F|  |TAMS 0x000000070ab00000, 0x000000070ab00000| Untracked 
| 108|0x000000070ac00000, 0x000000070ac00000, 0x000000070ad00000|  0%| F|  |TAMS 0x000000070ac00000, 0x000000070ac00000| Untracked 
| 109|0x000000070ad00000, 0x000000070ad00000, 0x000000070ae00000|  0%| F|  |TAMS 0x000000070ad00000, 0x000000070ad00000| Untracked 
| 110|0x000000070ae00000, 0x000000070ae00000, 0x000000070af00000|  0%| F|  |TAMS 0x000000070ae00000, 0x000000070ae00000| Untracked 
| 111|0x000000070af00000, 0x000000070af00000, 0x000000070b000000|  0%| F|  |TAMS 0x000000070af00000, 0x000000070af00000| Untracked 
| 112|0x000000070b000000, 0x000000070b000000, 0x000000070b100000|  0%| F|  |TAMS 0x000000070b000000, 0x000000070b000000| Untracked 
| 113|0x000000070b100000, 0x000000070b100000, 0x000000070b200000|  0%| F|  |TAMS 0x000000070b100000, 0x000000070b100000| Untracked 
| 114|0x000000070b200000, 0x000000070b200000, 0x000000070b300000|  0%| F|  |TAMS 0x000000070b200000, 0x000000070b200000| Untracked 
| 115|0x000000070b300000, 0x000000070b300000, 0x000000070b400000|  0%| F|  |TAMS 0x000000070b300000, 0x000000070b300000| Untracked 
| 116|0x000000070b400000, 0x000000070b400000, 0x000000070b500000|  0%| F|  |TAMS 0x000000070b400000, 0x000000070b400000| Untracked 
| 117|0x000000070b500000, 0x000000070b500000, 0x000000070b600000|  0%| F|  |TAMS 0x000000070b500000, 0x000000070b500000| Untracked 
| 118|0x000000070b600000, 0x000000070b600000, 0x000000070b700000|  0%| F|  |TAMS 0x000000070b600000, 0x000000070b600000| Untracked 
| 119|0x000000070b700000, 0x000000070b700000, 0x000000070b800000|  0%| F|  |TAMS 0x000000070b700000, 0x000000070b700000| Untracked 
| 120|0x000000070b800000, 0x000000070b800000, 0x000000070b900000|  0%| F|  |TAMS 0x000000070b800000, 0x000000070b800000| Untracked 
| 121|0x000000070b900000, 0x000000070b900000, 0x000000070ba00000|  0%| F|  |TAMS 0x000000070b900000, 0x000000070b900000| Untracked 
| 122|0x000000070ba00000, 0x000000070ba00000, 0x000000070bb00000|  0%| F|  |TAMS 0x000000070ba00000, 0x000000070ba00000| Untracked 
| 123|0x000000070bb00000, 0x000000070bb00000, 0x000000070bc00000|  0%| F|  |TAMS 0x000000070bb00000, 0x000000070bb00000| Untracked 
| 124|0x000000070bc00000, 0x000000070bc00000, 0x000000070bd00000|  0%| F|  |TAMS 0x000000070bc00000, 0x000000070bc00000| Untracked 
| 125|0x000000070bd00000, 0x000000070bd00000, 0x000000070be00000|  0%| F|  |TAMS 0x000000070bd00000, 0x000000070bd00000| Untracked 
| 126|0x000000070be00000, 0x000000070be00000, 0x000000070bf00000|  0%| F|  |TAMS 0x000000070be00000, 0x000000070be00000| Untracked 
| 127|0x000000070bf00000, 0x000000070bf00000, 0x000000070c000000|  0%| F|  |TAMS 0x000000070bf00000, 0x000000070bf00000| Untracked 
| 128|0x000000070c000000, 0x000000070c000000, 0x000000070c100000|  0%| F|  |TAMS 0x000000070c000000, 0x000000070c000000| Untracked 
| 129|0x000000070c100000, 0x000000070c100000, 0x000000070c200000|  0%| F|  |TAMS 0x000000070c100000, 0x000000070c100000| Untracked 
| 130|0x000000070c200000, 0x000000070c200000, 0x000000070c300000|  0%| F|  |TAMS 0x000000070c200000, 0x000000070c200000| Untracked 
| 131|0x000000070c300000, 0x000000070c300000, 0x000000070c400000|  0%| F|  |TAMS 0x000000070c300000, 0x000000070c300000| Untracked 
| 132|0x000000070c400000, 0x000000070c400000, 0x000000070c500000|  0%| F|  |TAMS 0x000000070c400000, 0x000000070c400000| Untracked 
| 133|0x000000070c500000, 0x000000070c500000, 0x000000070c600000|  0%| F|  |TAMS 0x000000070c500000, 0x000000070c500000| Untracked 
| 134|0x000000070c600000, 0x000000070c600000, 0x000000070c700000|  0%| F|  |TAMS 0x000000070c600000, 0x000000070c600000| Untracked 
| 135|0x000000070c700000, 0x000000070c700000, 0x000000070c800000|  0%| F|  |TAMS 0x000000070c700000, 0x000000070c700000| Untracked 
| 136|0x000000070c800000, 0x000000070c800000, 0x000000070c900000|  0%| F|  |TAMS 0x000000070c800000, 0x000000070c800000| Untracked 
| 137|0x000000070c900000, 0x000000070c900000, 0x000000070ca00000|  0%| F|  |TAMS 0x000000070c900000, 0x000000070c900000| Untracked 
| 138|0x000000070ca00000, 0x000000070ca00000, 0x000000070cb00000|  0%| F|  |TAMS 0x000000070ca00000, 0x000000070ca00000| Untracked 
| 139|0x000000070cb00000, 0x000000070cb00000, 0x000000070cc00000|  0%| F|  |TAMS 0x000000070cb00000, 0x000000070cb00000| Untracked 
| 140|0x000000070cc00000, 0x000000070cc00000, 0x000000070cd00000|  0%| F|  |TAMS 0x000000070cc00000, 0x000000070cc00000| Untracked 
| 141|0x000000070cd00000, 0x000000070cd00000, 0x000000070ce00000|  0%| F|  |TAMS 0x000000070cd00000, 0x000000070cd00000| Untracked 
| 142|0x000000070ce00000, 0x000000070ce00000, 0x000000070cf00000|  0%| F|  |TAMS 0x000000070ce00000, 0x000000070ce00000| Untracked 
| 143|0x000000070cf00000, 0x000000070cf00000, 0x000000070d000000|  0%| F|  |TAMS 0x000000070cf00000, 0x000000070cf00000| Untracked 
| 144|0x000000070d000000, 0x000000070d000000, 0x000000070d100000|  0%| F|  |TAMS 0x000000070d000000, 0x000000070d000000| Untracked 
| 145|0x000000070d100000, 0x000000070d100000, 0x000000070d200000|  0%| F|  |TAMS 0x000000070d100000, 0x000000070d100000| Untracked 
| 146|0x000000070d200000, 0x000000070d200000, 0x000000070d300000|  0%| F|  |TAMS 0x000000070d200000, 0x000000070d200000| Untracked 
| 147|0x000000070d300000, 0x000000070d300000, 0x000000070d400000|  0%| F|  |TAMS 0x000000070d300000, 0x000000070d300000| Untracked 
| 148|0x000000070d400000, 0x000000070d400000, 0x000000070d500000|  0%| F|  |TAMS 0x000000070d400000, 0x000000070d400000| Untracked 
| 149|0x000000070d500000, 0x000000070d500000, 0x000000070d600000|  0%| F|  |TAMS 0x000000070d500000, 0x000000070d500000| Untracked 
| 150|0x000000070d600000, 0x000000070d600000, 0x000000070d700000|  0%| F|  |TAMS 0x000000070d600000, 0x000000070d600000| Untracked 
| 151|0x000000070d700000, 0x000000070d700000, 0x000000070d800000|  0%| F|  |TAMS 0x000000070d700000, 0x000000070d700000| Untracked 
| 152|0x000000070d800000, 0x000000070d800000, 0x000000070d900000|  0%| F|  |TAMS 0x000000070d800000, 0x000000070d800000| Untracked 
| 153|0x000000070d900000, 0x000000070d900000, 0x000000070da00000|  0%| F|  |TAMS 0x000000070d900000, 0x000000070d900000| Untracked 
| 154|0x000000070da00000, 0x000000070da00000, 0x000000070db00000|  0%| F|  |TAMS 0x000000070da00000, 0x000000070da00000| Untracked 
| 155|0x000000070db00000, 0x000000070db00000, 0x000000070dc00000|  0%| F|  |TAMS 0x000000070db00000, 0x000000070db00000| Untracked 
| 156|0x000000070dc00000, 0x000000070dc00000, 0x000000070dd00000|  0%| F|  |TAMS 0x000000070dc00000, 0x000000070dc00000| Untracked 
| 157|0x000000070dd00000, 0x000000070dd00000, 0x000000070de00000|  0%| F|  |TAMS 0x000000070dd00000, 0x000000070dd00000| Untracked 
| 158|0x000000070de00000, 0x000000070de00000, 0x000000070df00000|  0%| F|  |TAMS 0x000000070de00000, 0x000000070de00000| Untracked 
| 159|0x000000070df00000, 0x000000070df00000, 0x000000070e000000|  0%| F|  |TAMS 0x000000070df00000, 0x000000070df00000| Untracked 
| 160|0x000000070e000000, 0x000000070e000000, 0x000000070e100000|  0%| F|  |TAMS 0x000000070e000000, 0x000000070e000000| Untracked 
| 161|0x000000070e100000, 0x000000070e100000, 0x000000070e200000|  0%| F|  |TAMS 0x000000070e100000, 0x000000070e100000| Untracked 
| 162|0x000000070e200000, 0x000000070e200000, 0x000000070e300000|  0%| F|  |TAMS 0x000000070e200000, 0x000000070e200000| Untracked 
| 163|0x000000070e300000, 0x000000070e300000, 0x000000070e400000|  0%| F|  |TAMS 0x000000070e300000, 0x000000070e300000| Untracked 
| 164|0x000000070e400000, 0x000000070e400000, 0x000000070e500000|  0%| F|  |TAMS 0x000000070e400000, 0x000000070e400000| Untracked 
| 165|0x000000070e500000, 0x000000070e500000, 0x000000070e600000|  0%| F|  |TAMS 0x000000070e500000, 0x000000070e500000| Untracked 
| 166|0x000000070e600000, 0x000000070e600000, 0x000000070e700000|  0%| F|  |TAMS 0x000000070e600000, 0x000000070e600000| Untracked 
| 167|0x000000070e700000, 0x000000070e700000, 0x000000070e800000|  0%| F|  |TAMS 0x000000070e700000, 0x000000070e700000| Untracked 
| 168|0x000000070e800000, 0x000000070e800000, 0x000000070e900000|  0%| F|  |TAMS 0x000000070e800000, 0x000000070e800000| Untracked 
| 169|0x000000070e900000, 0x000000070e900000, 0x000000070ea00000|  0%| F|  |TAMS 0x000000070e900000, 0x000000070e900000| Untracked 
| 170|0x000000070ea00000, 0x000000070ea00000, 0x000000070eb00000|  0%| F|  |TAMS 0x000000070ea00000, 0x000000070ea00000| Untracked 
| 171|0x000000070eb00000, 0x000000070eb00000, 0x000000070ec00000|  0%| F|  |TAMS 0x000000070eb00000, 0x000000070eb00000| Untracked 
| 172|0x000000070ec00000, 0x000000070ec00000, 0x000000070ed00000|  0%| F|  |TAMS 0x000000070ec00000, 0x000000070ec00000| Untracked 
| 173|0x000000070ed00000, 0x000000070ed00000, 0x000000070ee00000|  0%| F|  |TAMS 0x000000070ed00000, 0x000000070ed00000| Untracked 
| 174|0x000000070ee00000, 0x000000070ee00000, 0x000000070ef00000|  0%| F|  |TAMS 0x000000070ee00000, 0x000000070ee00000| Untracked 
| 175|0x000000070ef00000, 0x000000070ef00000, 0x000000070f000000|  0%| F|  |TAMS 0x000000070ef00000, 0x000000070ef00000| Untracked 
| 176|0x000000070f000000, 0x000000070f000000, 0x000000070f100000|  0%| F|  |TAMS 0x000000070f000000, 0x000000070f000000| Untracked 
| 177|0x000000070f100000, 0x000000070f100000, 0x000000070f200000|  0%| F|  |TAMS 0x000000070f100000, 0x000000070f100000| Untracked 
| 178|0x000000070f200000, 0x000000070f200000, 0x000000070f300000|  0%| F|  |TAMS 0x000000070f200000, 0x000000070f200000| Untracked 
| 179|0x000000070f300000, 0x000000070f300000, 0x000000070f400000|  0%| F|  |TAMS 0x000000070f300000, 0x000000070f300000| Untracked 
| 180|0x000000070f400000, 0x000000070f400000, 0x000000070f500000|  0%| F|  |TAMS 0x000000070f400000, 0x000000070f400000| Untracked 
| 181|0x000000070f500000, 0x000000070f500000, 0x000000070f600000|  0%| F|  |TAMS 0x000000070f500000, 0x000000070f500000| Untracked 
| 182|0x000000070f600000, 0x000000070f600000, 0x000000070f700000|  0%| F|  |TAMS 0x000000070f600000, 0x000000070f600000| Untracked 
| 183|0x000000070f700000, 0x000000070f700000, 0x000000070f800000|  0%| F|  |TAMS 0x000000070f700000, 0x000000070f700000| Untracked 
| 184|0x000000070f800000, 0x000000070f800000, 0x000000070f900000|  0%| F|  |TAMS 0x000000070f800000, 0x000000070f800000| Untracked 
| 185|0x000000070f900000, 0x000000070f900000, 0x000000070fa00000|  0%| F|  |TAMS 0x000000070f900000, 0x000000070f900000| Untracked 
| 186|0x000000070fa00000, 0x000000070fa00000, 0x000000070fb00000|  0%| F|  |TAMS 0x000000070fa00000, 0x000000070fa00000| Untracked 
| 187|0x000000070fb00000, 0x000000070fb00000, 0x000000070fc00000|  0%| F|  |TAMS 0x000000070fb00000, 0x000000070fb00000| Untracked 
| 188|0x000000070fc00000, 0x000000070fc00000, 0x000000070fd00000|  0%| F|  |TAMS 0x000000070fc00000, 0x000000070fc00000| Untracked 
| 189|0x000000070fd00000, 0x000000070fd00000, 0x000000070fe00000|  0%| F|  |TAMS 0x000000070fd00000, 0x000000070fd00000| Untracked 
| 190|0x000000070fe00000, 0x000000070fe00000, 0x000000070ff00000|  0%| F|  |TAMS 0x000000070fe00000, 0x000000070fe00000| Untracked 
| 191|0x000000070ff00000, 0x000000070ff00000, 0x0000000710000000|  0%| F|  |TAMS 0x000000070ff00000, 0x000000070ff00000| Untracked 
| 192|0x0000000710000000, 0x0000000710000000, 0x0000000710100000|  0%| F|  |TAMS 0x0000000710000000, 0x0000000710000000| Untracked 
| 193|0x0000000710100000, 0x0000000710100000, 0x0000000710200000|  0%| F|  |TAMS 0x0000000710100000, 0x0000000710100000| Untracked 
| 194|0x0000000710200000, 0x0000000710200000, 0x0000000710300000|  0%| F|  |TAMS 0x0000000710200000, 0x0000000710200000| Untracked 
| 195|0x0000000710300000, 0x0000000710300000, 0x0000000710400000|  0%| F|  |TAMS 0x0000000710300000, 0x0000000710300000| Untracked 
| 196|0x0000000710400000, 0x0000000710400000, 0x0000000710500000|  0%| F|  |TAMS 0x0000000710400000, 0x0000000710400000| Untracked 
| 197|0x0000000710500000, 0x0000000710500000, 0x0000000710600000|  0%| F|  |TAMS 0x0000000710500000, 0x0000000710500000| Untracked 
| 198|0x0000000710600000, 0x0000000710600000, 0x0000000710700000|  0%| F|  |TAMS 0x0000000710600000, 0x0000000710600000| Untracked 
| 199|0x0000000710700000, 0x0000000710700000, 0x0000000710800000|  0%| F|  |TAMS 0x0000000710700000, 0x0000000710700000| Untracked 
| 200|0x0000000710800000, 0x0000000710800000, 0x0000000710900000|  0%| F|  |TAMS 0x0000000710800000, 0x0000000710800000| Untracked 
| 201|0x0000000710900000, 0x0000000710900000, 0x0000000710a00000|  0%| F|  |TAMS 0x0000000710900000, 0x0000000710900000| Untracked 
| 202|0x0000000710a00000, 0x0000000710a00000, 0x0000000710b00000|  0%| F|  |TAMS 0x0000000710a00000, 0x0000000710a00000| Untracked 
| 203|0x0000000710b00000, 0x0000000710b00000, 0x0000000710c00000|  0%| F|  |TAMS 0x0000000710b00000, 0x0000000710b00000| Untracked 
| 204|0x0000000710c00000, 0x0000000710c00000, 0x0000000710d00000|  0%| F|  |TAMS 0x0000000710c00000, 0x0000000710c00000| Untracked 
| 205|0x0000000710d00000, 0x0000000710d00000, 0x0000000710e00000|  0%| F|  |TAMS 0x0000000710d00000, 0x0000000710d00000| Untracked 
| 206|0x0000000710e00000, 0x0000000710e00000, 0x0000000710f00000|  0%| F|  |TAMS 0x0000000710e00000, 0x0000000710e00000| Untracked 
| 207|0x0000000710f00000, 0x0000000710f00000, 0x0000000711000000|  0%| F|  |TAMS 0x0000000710f00000, 0x0000000710f00000| Untracked 
| 208|0x0000000711000000, 0x0000000711100000, 0x0000000711100000|100%| E|  |TAMS 0x0000000711000000, 0x0000000711000000| Complete 
| 209|0x0000000711100000, 0x0000000711200000, 0x0000000711200000|100%| E|CS|TAMS 0x0000000711100000, 0x0000000711100000| Complete 
| 210|0x0000000711200000, 0x0000000711300000, 0x0000000711300000|100%| E|CS|TAMS 0x0000000711200000, 0x0000000711200000| Complete 
| 211|0x0000000711300000, 0x0000000711400000, 0x0000000711400000|100%| E|CS|TAMS 0x0000000711300000, 0x0000000711300000| Complete 
| 212|0x0000000711400000, 0x0000000711500000, 0x0000000711500000|100%| E|CS|TAMS 0x0000000711400000, 0x0000000711400000| Complete 
| 213|0x0000000711500000, 0x0000000711600000, 0x0000000711600000|100%| E|CS|TAMS 0x0000000711500000, 0x0000000711500000| Complete 
| 214|0x0000000711600000, 0x0000000711700000, 0x0000000711700000|100%| E|CS|TAMS 0x0000000711600000, 0x0000000711600000| Complete 
| 215|0x0000000711700000, 0x000000071179ac60, 0x0000000711800000| 60%| S|CS|TAMS 0x0000000711700000, 0x0000000711700000| Complete 
| 216|0x0000000711800000, 0x0000000711900000, 0x0000000711900000|100%| S|CS|TAMS 0x0000000711800000, 0x0000000711800000| Complete 
| 217|0x0000000711900000, 0x0000000711a00000, 0x0000000711a00000|100%| S|CS|TAMS 0x0000000711900000, 0x0000000711900000| Complete 
| 218|0x0000000711a00000, 0x0000000711b00000, 0x0000000711b00000|100%| S|CS|TAMS 0x0000000711a00000, 0x0000000711a00000| Complete 
| 219|0x0000000711b00000, 0x0000000711c00000, 0x0000000711c00000|100%| S|CS|TAMS 0x0000000711b00000, 0x0000000711b00000| Complete 
| 220|0x0000000711c00000, 0x0000000711d00000, 0x0000000711d00000|100%| S|CS|TAMS 0x0000000711c00000, 0x0000000711c00000| Complete 
| 221|0x0000000711d00000, 0x0000000711e00000, 0x0000000711e00000|100%| S|CS|TAMS 0x0000000711d00000, 0x0000000711d00000| Complete 
| 222|0x0000000711e00000, 0x0000000711f00000, 0x0000000711f00000|100%| E|CS|TAMS 0x0000000711e00000, 0x0000000711e00000| Complete 
| 223|0x0000000711f00000, 0x0000000712000000, 0x0000000712000000|100%| E|CS|TAMS 0x0000000711f00000, 0x0000000711f00000| Complete 
| 224|0x0000000712000000, 0x0000000712100000, 0x0000000712100000|100%| E|CS|TAMS 0x0000000712000000, 0x0000000712000000| Complete 
| 225|0x0000000712100000, 0x0000000712200000, 0x0000000712200000|100%| E|CS|TAMS 0x0000000712100000, 0x0000000712100000| Complete 
| 226|0x0000000712200000, 0x0000000712300000, 0x0000000712300000|100%| E|CS|TAMS 0x0000000712200000, 0x0000000712200000| Complete 
| 227|0x0000000712300000, 0x0000000712400000, 0x0000000712400000|100%| E|CS|TAMS 0x0000000712300000, 0x0000000712300000| Complete 
| 228|0x0000000712400000, 0x0000000712500000, 0x0000000712500000|100%| E|CS|TAMS 0x0000000712400000, 0x0000000712400000| Complete 
| 229|0x0000000712500000, 0x0000000712600000, 0x0000000712600000|100%| E|CS|TAMS 0x0000000712500000, 0x0000000712500000| Complete 
| 230|0x0000000712600000, 0x0000000712700000, 0x0000000712700000|100%| E|CS|TAMS 0x0000000712600000, 0x0000000712600000| Complete 
| 231|0x0000000712700000, 0x0000000712800000, 0x0000000712800000|100%| E|CS|TAMS 0x0000000712700000, 0x0000000712700000| Complete 
| 232|0x0000000712800000, 0x0000000712900000, 0x0000000712900000|100%| E|CS|TAMS 0x0000000712800000, 0x0000000712800000| Complete 
| 233|0x0000000712900000, 0x0000000712a00000, 0x0000000712a00000|100%| E|CS|TAMS 0x0000000712900000, 0x0000000712900000| Complete 
| 234|0x0000000712a00000, 0x0000000712b00000, 0x0000000712b00000|100%| E|CS|TAMS 0x0000000712a00000, 0x0000000712a00000| Complete 
| 235|0x0000000712b00000, 0x0000000712c00000, 0x0000000712c00000|100%| E|CS|TAMS 0x0000000712b00000, 0x0000000712b00000| Complete 
| 236|0x0000000712c00000, 0x0000000712d00000, 0x0000000712d00000|100%| E|CS|TAMS 0x0000000712c00000, 0x0000000712c00000| Complete 
| 237|0x0000000712d00000, 0x0000000712e00000, 0x0000000712e00000|100%| E|CS|TAMS 0x0000000712d00000, 0x0000000712d00000| Complete 
| 238|0x0000000712e00000, 0x0000000712f00000, 0x0000000712f00000|100%| E|CS|TAMS 0x0000000712e00000, 0x0000000712e00000| Complete 
| 239|0x0000000712f00000, 0x0000000713000000, 0x0000000713000000|100%| E|CS|TAMS 0x0000000712f00000, 0x0000000712f00000| Complete 
| 240|0x0000000713000000, 0x0000000713100000, 0x0000000713100000|100%| E|CS|TAMS 0x0000000713000000, 0x0000000713000000| Complete 
| 241|0x0000000713100000, 0x0000000713200000, 0x0000000713200000|100%| E|CS|TAMS 0x0000000713100000, 0x0000000713100000| Complete 
| 242|0x0000000713200000, 0x0000000713300000, 0x0000000713300000|100%| E|CS|TAMS 0x0000000713200000, 0x0000000713200000| Complete 
| 243|0x0000000713300000, 0x0000000713400000, 0x0000000713400000|100%| E|CS|TAMS 0x0000000713300000, 0x0000000713300000| Complete 
| 244|0x0000000713400000, 0x0000000713500000, 0x0000000713500000|100%| E|CS|TAMS 0x0000000713400000, 0x0000000713400000| Complete 
| 245|0x0000000713500000, 0x0000000713600000, 0x0000000713600000|100%| E|CS|TAMS 0x0000000713500000, 0x0000000713500000| Complete 
| 246|0x0000000713600000, 0x0000000713700000, 0x0000000713700000|100%| E|CS|TAMS 0x0000000713600000, 0x0000000713600000| Complete 
| 247|0x0000000713700000, 0x0000000713800000, 0x0000000713800000|100%| E|CS|TAMS 0x0000000713700000, 0x0000000713700000| Complete 
| 248|0x0000000713800000, 0x0000000713900000, 0x0000000713900000|100%| E|CS|TAMS 0x0000000713800000, 0x0000000713800000| Complete 
| 249|0x0000000713900000, 0x0000000713a00000, 0x0000000713a00000|100%| E|CS|TAMS 0x0000000713900000, 0x0000000713900000| Complete 
| 250|0x0000000713a00000, 0x0000000713b00000, 0x0000000713b00000|100%| E|CS|TAMS 0x0000000713a00000, 0x0000000713a00000| Complete 
| 251|0x0000000713b00000, 0x0000000713c00000, 0x0000000713c00000|100%| E|CS|TAMS 0x0000000713b00000, 0x0000000713b00000| Complete 
| 252|0x0000000713c00000, 0x0000000713d00000, 0x0000000713d00000|100%| E|CS|TAMS 0x0000000713c00000, 0x0000000713c00000| Complete 
| 253|0x0000000713d00000, 0x0000000713e00000, 0x0000000713e00000|100%| E|CS|TAMS 0x0000000713d00000, 0x0000000713d00000| Complete 
| 254|0x0000000713e00000, 0x0000000713f00000, 0x0000000713f00000|100%| E|CS|TAMS 0x0000000713e00000, 0x0000000713e00000| Complete 
| 255|0x0000000713f00000, 0x0000000714000000, 0x0000000714000000|100%| E|CS|TAMS 0x0000000713f00000, 0x0000000713f00000| Complete 
| 256|0x0000000714000000, 0x0000000714100000, 0x0000000714100000|100%| E|CS|TAMS 0x0000000714000000, 0x0000000714000000| Complete 
| 257|0x0000000714100000, 0x0000000714200000, 0x0000000714200000|100%| E|CS|TAMS 0x0000000714100000, 0x0000000714100000| Complete 
| 258|0x0000000714200000, 0x0000000714300000, 0x0000000714300000|100%| E|CS|TAMS 0x0000000714200000, 0x0000000714200000| Complete 
| 259|0x0000000714300000, 0x0000000714400000, 0x0000000714400000|100%| E|CS|TAMS 0x0000000714300000, 0x0000000714300000| Complete 
| 260|0x0000000714400000, 0x0000000714500000, 0x0000000714500000|100%| E|CS|TAMS 0x0000000714400000, 0x0000000714400000| Complete 
| 261|0x0000000714500000, 0x0000000714600000, 0x0000000714600000|100%| E|CS|TAMS 0x0000000714500000, 0x0000000714500000| Complete 
| 262|0x0000000714600000, 0x0000000714700000, 0x0000000714700000|100%| E|CS|TAMS 0x0000000714600000, 0x0000000714600000| Complete 
| 263|0x0000000714700000, 0x0000000714800000, 0x0000000714800000|100%| E|CS|TAMS 0x0000000714700000, 0x0000000714700000| Complete 
| 264|0x0000000714800000, 0x0000000714900000, 0x0000000714900000|100%| E|CS|TAMS 0x0000000714800000, 0x0000000714800000| Complete 
| 265|0x0000000714900000, 0x0000000714a00000, 0x0000000714a00000|100%| E|CS|TAMS 0x0000000714900000, 0x0000000714900000| Complete 
| 266|0x0000000714a00000, 0x0000000714b00000, 0x0000000714b00000|100%| E|CS|TAMS 0x0000000714a00000, 0x0000000714a00000| Complete 
| 267|0x0000000714b00000, 0x0000000714c00000, 0x0000000714c00000|100%| E|CS|TAMS 0x0000000714b00000, 0x0000000714b00000| Complete 
| 268|0x0000000714c00000, 0x0000000714d00000, 0x0000000714d00000|100%| E|CS|TAMS 0x0000000714c00000, 0x0000000714c00000| Complete 
| 269|0x0000000714d00000, 0x0000000714e00000, 0x0000000714e00000|100%| E|CS|TAMS 0x0000000714d00000, 0x0000000714d00000| Complete 
| 270|0x0000000714e00000, 0x0000000714f00000, 0x0000000714f00000|100%| E|CS|TAMS 0x0000000714e00000, 0x0000000714e00000| Complete 
| 271|0x0000000714f00000, 0x0000000715000000, 0x0000000715000000|100%| E|CS|TAMS 0x0000000714f00000, 0x0000000714f00000| Complete 
| 272|0x0000000715000000, 0x0000000715100000, 0x0000000715100000|100%| E|CS|TAMS 0x0000000715000000, 0x0000000715000000| Complete 
| 273|0x0000000715100000, 0x0000000715200000, 0x0000000715200000|100%| E|CS|TAMS 0x0000000715100000, 0x0000000715100000| Complete 
| 274|0x0000000715200000, 0x0000000715300000, 0x0000000715300000|100%| E|CS|TAMS 0x0000000715200000, 0x0000000715200000| Complete 
| 275|0x0000000715300000, 0x0000000715400000, 0x0000000715400000|100%| E|CS|TAMS 0x0000000715300000, 0x0000000715300000| Complete 
| 276|0x0000000715400000, 0x0000000715500000, 0x0000000715500000|100%| E|CS|TAMS 0x0000000715400000, 0x0000000715400000| Complete 
| 277|0x0000000715500000, 0x0000000715600000, 0x0000000715600000|100%| E|CS|TAMS 0x0000000715500000, 0x0000000715500000| Complete 
| 278|0x0000000715600000, 0x0000000715700000, 0x0000000715700000|100%| E|CS|TAMS 0x0000000715600000, 0x0000000715600000| Complete 
| 279|0x0000000715700000, 0x0000000715800000, 0x0000000715800000|100%| E|CS|TAMS 0x0000000715700000, 0x0000000715700000| Complete 
| 280|0x0000000715800000, 0x0000000715900000, 0x0000000715900000|100%| E|CS|TAMS 0x0000000715800000, 0x0000000715800000| Complete 
| 281|0x0000000715900000, 0x0000000715a00000, 0x0000000715a00000|100%| E|CS|TAMS 0x0000000715900000, 0x0000000715900000| Complete 
| 282|0x0000000715a00000, 0x0000000715b00000, 0x0000000715b00000|100%| E|CS|TAMS 0x0000000715a00000, 0x0000000715a00000| Complete 
| 283|0x0000000715b00000, 0x0000000715c00000, 0x0000000715c00000|100%| E|CS|TAMS 0x0000000715b00000, 0x0000000715b00000| Complete 
| 284|0x0000000715c00000, 0x0000000715d00000, 0x0000000715d00000|100%| E|CS|TAMS 0x0000000715c00000, 0x0000000715c00000| Complete 
| 285|0x0000000715d00000, 0x0000000715e00000, 0x0000000715e00000|100%| E|CS|TAMS 0x0000000715d00000, 0x0000000715d00000| Complete 
| 286|0x0000000715e00000, 0x0000000715f00000, 0x0000000715f00000|100%| E|CS|TAMS 0x0000000715e00000, 0x0000000715e00000| Complete 
| 287|0x0000000715f00000, 0x0000000716000000, 0x0000000716000000|100%| E|CS|TAMS 0x0000000715f00000, 0x0000000715f00000| Complete 
| 288|0x0000000716000000, 0x0000000716100000, 0x0000000716100000|100%| E|CS|TAMS 0x0000000716000000, 0x0000000716000000| Complete 
| 289|0x0000000716100000, 0x0000000716200000, 0x0000000716200000|100%| E|CS|TAMS 0x0000000716100000, 0x0000000716100000| Complete 
| 290|0x0000000716200000, 0x0000000716300000, 0x0000000716300000|100%| E|CS|TAMS 0x0000000716200000, 0x0000000716200000| Complete 
| 291|0x0000000716300000, 0x0000000716400000, 0x0000000716400000|100%| E|CS|TAMS 0x0000000716300000, 0x0000000716300000| Complete 
| 292|0x0000000716400000, 0x0000000716500000, 0x0000000716500000|100%| E|CS|TAMS 0x0000000716400000, 0x0000000716400000| Complete 
| 293|0x0000000716500000, 0x0000000716600000, 0x0000000716600000|100%| E|CS|TAMS 0x0000000716500000, 0x0000000716500000| Complete 
| 294|0x0000000716600000, 0x0000000716700000, 0x0000000716700000|100%| E|CS|TAMS 0x0000000716600000, 0x0000000716600000| Complete 
| 295|0x0000000716700000, 0x0000000716800000, 0x0000000716800000|100%| E|CS|TAMS 0x0000000716700000, 0x0000000716700000| Complete 
| 296|0x0000000716800000, 0x0000000716900000, 0x0000000716900000|100%| E|CS|TAMS 0x0000000716800000, 0x0000000716800000| Complete 
| 297|0x0000000716900000, 0x0000000716a00000, 0x0000000716a00000|100%| E|CS|TAMS 0x0000000716900000, 0x0000000716900000| Complete 
| 298|0x0000000716a00000, 0x0000000716b00000, 0x0000000716b00000|100%| E|CS|TAMS 0x0000000716a00000, 0x0000000716a00000| Complete 
| 299|0x0000000716b00000, 0x0000000716c00000, 0x0000000716c00000|100%| E|CS|TAMS 0x0000000716b00000, 0x0000000716b00000| Complete 
| 300|0x0000000716c00000, 0x0000000716d00000, 0x0000000716d00000|100%| E|CS|TAMS 0x0000000716c00000, 0x0000000716c00000| Complete 
| 301|0x0000000716d00000, 0x0000000716e00000, 0x0000000716e00000|100%| E|CS|TAMS 0x0000000716d00000, 0x0000000716d00000| Complete 
| 302|0x0000000716e00000, 0x0000000716f00000, 0x0000000716f00000|100%| E|CS|TAMS 0x0000000716e00000, 0x0000000716e00000| Complete 

Card table byte_map: [0x000001f072780000,0x000001f072f60000] _byte_map_base: 0x000001f06ef60000

Marking Bits (Prev, Next): (CMBitMap*) 0x000001f0685ab018, (CMBitMap*) 0x000001f0685ab050
 Prev Bits: [0x000001f073740000, 0x000001f077640000)
 Next Bits: [0x000001f077640000, 0x000001f07b540000)

Polling page: 0x000001f069e20000

Metaspace:

Usage:
  Non-class:     36.13 MB capacity,    35.33 MB ( 98%) used,   658.44 KB (  2%) free+waste,   159.69 KB ( <1%) overhead. 
      Class:      5.56 MB capacity,     4.98 MB ( 90%) used,   513.97 KB (  9%) free+waste,    79.44 KB (  1%) overhead. 
       Both:     41.69 MB capacity,    40.31 MB ( 97%) used,     1.14 MB (  3%) free+waste,   239.13 KB ( <1%) overhead. 

Virtual space:
  Non-class space:       38.00 MB reserved,      36.17 MB ( 95%) committed 
      Class space:        1.00 GB reserved,       5.63 MB ( <1%) committed 
             Both:        1.04 GB reserved,      41.80 MB (  4%) committed 

Chunk freelists:
   Non-Class:  6.00 KB
       Class:  0 bytes
        Both:  6.00 KB

CodeHeap 'non-profiled nmethods': size=238336Kb used=6554Kb max_used=6554Kb free=231782Kb
 bounds [0x000001f000740000, 0x000001f000db0000, 0x000001f00f000000]
CodeHeap 'non-nmethods': size=7424Kb used=1273Kb max_used=1273Kb free=6150Kb
 bounds [0x000001f000000000, 0x000001f000270000, 0x000001f000740000]
 total_blobs=4408 nmethods=3899 adapters=442
 compilation: enabled
              stopped_count=0, restarted_count=0
 full_count=0

Compilation events (10 events):
Event: 1561.155 Thread 0x000001f07e9ad800 3894       1       java.lang.Long::getChars (208 bytes)
Event: 1561.156 Thread 0x000001f07e9ad800 nmethod 3894 0x000001f000da2910 code [0x000001f000da2ae0, 0x000001f000da2ef8]
Event: 1842.978 Thread 0x000001f07e9ad800 3895   !   1       java.util.concurrent.locks.AbstractQueuedSynchronizer::doAcquireInterruptibly (74 bytes)
Event: 1842.979 Thread 0x000001f07e9ad800 nmethod 3895 0x000001f000da3310 code [0x000001f000da3560, 0x000001f000da3c98]
Event: 1981.189 Thread 0x000001f07e9ad800 3896       1       java.net.SocketInputStream::read (15 bytes)
Event: 1981.190 Thread 0x000001f07e9ad800 nmethod 3896 0x000001f000da4610 code [0x000001f000da47a0, 0x000001f000da48a8]
Event: 1981.190 Thread 0x000001f07e9ad800 3897   !   1       java.net.SocketInputStream::read (226 bytes)
Event: 1981.192 Thread 0x000001f07e9ad800 nmethod 3897 0x000001f000da4990 code [0x000001f000da4ca0, 0x000001f000da5b58]
Event: 1981.192 Thread 0x000001f07e9ad800 3898       1       java.net.SocketInputStream::socketRead (12 bytes)
Event: 1981.192 Thread 0x000001f07e9ad800 nmethod 3898 0x000001f000da6490 code [0x000001f000da6620, 0x000001f000da6728]

GC Heap History (10 events):
Event: 0.744 GC heap before
{Heap before GC invocations=1 (full 0):
 garbage-first heap   total 258048K, used 27184K [0x0000000704000000, 0x0000000800000000)
  region size 1024K, 25 young (25600K), 3 survivors (3072K)
 Metaspace       used 16869K, capacity 17362K, committed 17408K, reserved 1064960K
  class space    used 1820K, capacity 2007K, committed 2048K, reserved 1048576K
}
Event: 0.746 GC heap after
{Heap after GC invocations=2 (full 0):
 garbage-first heap   total 258048K, used 5513K [0x0000000704000000, 0x0000000800000000)
  region size 1024K, 1 young (1024K), 1 survivors (1024K)
 Metaspace       used 16869K, capacity 17362K, committed 17408K, reserved 1064960K
  class space    used 1820K, capacity 2007K, committed 2048K, reserved 1048576K
}
Event: 0.935 GC heap before
{Heap before GC invocations=2 (full 0):
 garbage-first heap   total 258048K, used 40329K [0x0000000704000000, 0x0000000800000000)
  region size 1024K, 36 young (36864K), 1 survivors (1024K)
 Metaspace       used 20526K, capacity 21080K, committed 21296K, reserved 1069056K
  class space    used 2344K, capacity 2576K, committed 2688K, reserved 1048576K
}
Event: 0.938 GC heap after
{Heap after GC invocations=3 (full 0):
 garbage-first heap   total 258048K, used 6390K [0x0000000704000000, 0x0000000800000000)
  region size 1024K, 2 young (2048K), 2 survivors (2048K)
 Metaspace       used 20526K, capacity 21080K, committed 21296K, reserved 1069056K
  class space    used 2344K, capacity 2576K, committed 2688K, reserved 1048576K
}
Event: 1.089 GC heap before
{Heap before GC invocations=4 (full 0):
 garbage-first heap   total 258048K, used 65782K [0x0000000704000000, 0x0000000800000000)
  region size 1024K, 61 young (62464K), 2 survivors (2048K)
 Metaspace       used 26003K, capacity 26803K, committed 26928K, reserved 1073152K
  class space    used 3060K, capacity 3350K, committed 3456K, reserved 1048576K
}
Event: 1.093 GC heap after
{Heap after GC invocations=5 (full 0):
 garbage-first heap   total 258048K, used 7691K [0x0000000704000000, 0x0000000800000000)
  region size 1024K, 3 young (3072K), 3 survivors (3072K)
 Metaspace       used 26003K, capacity 26803K, committed 26928K, reserved 1073152K
  class space    used 3060K, capacity 3350K, committed 3456K, reserved 1048576K
}
Event: 1.520 GC heap before
{Heap before GC invocations=5 (full 0):
 garbage-first heap   total 258048K, used 104971K [0x0000000704000000, 0x0000000800000000)
  region size 1024K, 98 young (100352K), 3 survivors (3072K)
 Metaspace       used 32494K, capacity 33468K, committed 33712K, reserved 1079296K
  class space    used 3957K, capacity 4336K, committed 4352K, reserved 1048576K
}
Event: 1.524 GC heap after
{Heap after GC invocations=6 (full 0):
 garbage-first heap   total 258048K, used 10285K [0x0000000704000000, 0x0000000800000000)
  region size 1024K, 6 young (6144K), 6 survivors (6144K)
 Metaspace       used 32494K, capacity 33468K, committed 33712K, reserved 1079296K
  class space    used 3957K, capacity 4336K, committed 4352K, reserved 1048576K
}
Event: 1.648 GC heap before
{Heap before GC invocations=6 (full 0):
 garbage-first heap   total 258048K, used 39981K [0x0000000704000000, 0x0000000800000000)
  region size 1024K, 36 young (36864K), 6 survivors (6144K)
 Metaspace       used 34700K, capacity 35785K, committed 35888K, reserved 1081344K
  class space    used 4226K, capacity 4684K, committed 4736K, reserved 1048576K
}
Event: 1.654 GC heap after
{Heap after GC invocations=7 (full 0):
 garbage-first heap   total 310272K, used 11441K [0x0000000704000000, 0x0000000800000000)
  region size 1024K, 7 young (7168K), 7 survivors (7168K)
 Metaspace       used 34700K, capacity 35785K, committed 35888K, reserved 1081344K
  class space    used 4226K, capacity 4684K, committed 4736K, reserved 1048576K
}

Deoptimization events (0 events):
No events

Classes redefined (6 events):
Event: 238.805 Thread 0x000001f07e099000 redefined class name=br.com.texthelper.utils.ToObject, count=1
Event: 277.947 Thread 0x000001f07e099000 redefined class name=br.com.texthelper.utils.ToObject, count=2
Event: 1057.931 Thread 0x000001f07e099000 redefined class name=br.com.texthelper.utils.ToObject, count=3
Event: 1749.742 Thread 0x000001f07e099000 redefined class name=br.com.texthelper.utils.ToObject, count=4
Event: 1871.159 Thread 0x000001f07e099000 redefined class name=br.com.texthelper.utils.ToObject, count=5
Event: 1898.078 Thread 0x000001f07e099000 redefined class name=br.com.texthelper.utils.ToObject, count=6

Internal exceptions (10 events):
Event: 1.807 Thread 0x000001f06a645000 Exception <a 'java/lang/NoSuchMethodError'{0x00000007157a53f0}: java.lang.invoke.DirectMethodHandle$Holder.invokeVirtual(Ljava/lang/Object;Ljava/lang/Object;J)V> (0x00000007157a53f0) thrown at [./open/src/hotspot/share/interpreter/linkResolver.cpp, line 7
Event: 1.872 Thread 0x000001f06a645000 Exception <a 'java/lang/IncompatibleClassChangeError'{0x0000000714806560}: Found class java.lang.Object, but interface was expected> (0x0000000714806560) thrown at [./open/src/hotspot/share/interpreter/linkResolver.cpp, line 838]
Event: 1.891 Thread 0x000001f06a645000 Exception <a 'java/lang/NoSuchMethodError'{0x0000000714506648}: java.lang.invoke.DirectMethodHandle$Holder.invokeStaticInit(Ljava/lang/Object;Ljava/lang/Object;Ljava/lang/Object;Ljava/lang/Object;)I> (0x0000000714506648) thrown at [./open/src/hotspot/shar
Event: 1.955 Thread 0x000001f06a645000 Exception <a 'java/lang/NoSuchMethodError'{0x0000000713a25808}: java.lang.invoke.DirectMethodHandle$Holder.invokeSpecial(Ljava/lang/Object;Ljava/lang/Object;ILjava/lang/Object;ILjava/lang/Object;)Ljava/lang/Object;> (0x0000000713a25808) thrown at [./open/
Event: 1.955 Thread 0x000001f06a645000 Exception <a 'java/lang/NoSuchMethodError'{0x0000000713a2cce8}: java.lang.invoke.DirectMethodHandle$Holder.invokeStatic(Ljava/lang/Object;Ljava/lang/Object;ILjava/lang/Object;I)Ljava/lang/Object;> (0x0000000713a2cce8) thrown at [./open/src/hotspot/share/i
Event: 1.955 Thread 0x000001f06a645000 Exception <a 'java/lang/NoSuchMethodError'{0x0000000713a304c0}: java.lang.invoke.DirectMethodHandle$Holder.invokeSpecial(Ljava/lang/Object;Ljava/lang/Object;Ljava/lang/Object;ILjava/lang/Object;I)Ljava/lang/Object;> (0x0000000713a304c0) thrown at [./open/
Event: 1.956 Thread 0x000001f06a645000 Exception <a 'java/lang/NoSuchMethodError'{0x0000000713a42aa0}: java.lang.invoke.DirectMethodHandle$Holder.invokeVirtual(Ljava/lang/Object;Ljava/lang/Object;)V> (0x0000000713a42aa0) thrown at [./open/src/hotspot/share/interpreter/linkResolver.cpp, line 77
Event: 1057.980 Thread 0x000001f010213800 Exception <a 'java/lang/NoSuchMethodError'{0x00000007121e6438}: br.com.texthelper.utils.ToObject.lambda$0(Ljava/lang/Class;Ljava/lang/reflect/Field;)V> (0x00000007121e6438) thrown at [./open/src/hotspot/share/interpreter/linkResolver.cpp, line 772]
Event: 1062.275 Thread 0x000001f010213800 Exception <a 'java/lang/reflect/InvocationTargetException'{0x00000007121e69b0}> (0x00000007121e69b0) thrown at [./open/src/hotspot/share/runtime/reflection.cpp, line 1242]
Event: 1067.001 Thread 0x000001f010213800 Exception <a 'java/lang/NoClassDefFoundError'{0x0000000711f6f2b0}: sun/reflect/Reflection> (0x0000000711f6f2b0) thrown at [./open/src/hotspot/share/classfile/systemDictionary.cpp, line 216]

Events (10 events):
Event: 2008.362 Executing VM operation: GetOrSetLocal done
Event: 2008.362 Executing VM operation: GetFrameLocation
Event: 2008.362 Executing VM operation: GetFrameLocation done
Event: 2008.362 Executing VM operation: GetOrSetLocal
Event: 2008.363 Executing VM operation: GetOrSetLocal done
Event: 2008.363 Executing VM operation: GetFrameLocation
Event: 2008.363 Executing VM operation: GetFrameLocation done
Event: 2008.363 Executing VM operation: GetOrSetLocal
Event: 2008.363 Executing VM operation: GetOrSetLocal done
Event: 2008.962 Executing VM operation: GetObjectMonitorUsage


Dynamic libraries:
0x00007ff752d10000 - 0x00007ff752d1f000 	C:\Program Files\Java\jdk-11.0.13\bin\javaw.exe
0x00007fff45be0000 - 0x00007fff45de9000 	C:\Windows\SYSTEM32\ntdll.dll
0x00007fff45410000 - 0x00007fff454cd000 	C:\Windows\System32\KERNEL32.DLL
0x00007fff43490000 - 0x00007fff43804000 	C:\Windows\System32\KERNELBASE.dll
0x00007fff43930000 - 0x00007fff43a41000 	C:\Windows\System32\ucrtbase.dll
0x00007fff285e0000 - 0x00007fff285f8000 	C:\Program Files\Java\jdk-11.0.13\bin\jli.dll
0x00007fff23460000 - 0x00007fff23475000 	C:\Program Files\Java\jdk-11.0.13\bin\VCRUNTIME140.dll
0x00007fff444b0000 - 0x00007fff4455e000 	C:\Windows\System32\ADVAPI32.dll
0x00007fff43a80000 - 0x00007fff43b23000 	C:\Windows\System32\msvcrt.dll
0x00007fff45b00000 - 0x00007fff45b9e000 	C:\Windows\System32\sechost.dll
0x00007fff44e10000 - 0x00007fff44f30000 	C:\Windows\System32\RPCRT4.dll
0x00007fff45950000 - 0x00007fff45afc000 	C:\Windows\System32\USER32.dll
0x00007fff43a50000 - 0x00007fff43a76000 	C:\Windows\System32\win32u.dll
0x00007fff44d40000 - 0x00007fff44d69000 	C:\Windows\System32\GDI32.dll
0x00007fff43810000 - 0x00007fff43922000 	C:\Windows\System32\gdi32full.dll
0x00007fff2bcc0000 - 0x00007fff2bf65000 	C:\Windows\WinSxS\amd64_microsoft.windows.common-controls_6595b64144ccf1df_6.0.22000.120_none_9d947278b86cc467\COMCTL32.dll
0x00007fff430d0000 - 0x00007fff4316d000 	C:\Windows\System32\msvcp_win.dll
0x00007fff36670000 - 0x00007fff3667a000 	C:\Windows\SYSTEM32\VERSION.dll
0x00007fff44560000 - 0x00007fff44591000 	C:\Windows\System32\IMM32.DLL
0x00007fff21600000 - 0x00007fff2169b000 	C:\Program Files\Java\jdk-11.0.13\bin\msvcp140.dll
0x00007ffee7270000 - 0x00007ffee7d83000 	C:\Program Files\Java\jdk-11.0.13\bin\server\jvm.dll
0x00007fff44d70000 - 0x00007fff44d78000 	C:\Windows\System32\PSAPI.DLL
0x00007fff0fb50000 - 0x00007fff0fb59000 	C:\Windows\SYSTEM32\WSOCK32.dll
0x00007fff446c0000 - 0x00007fff4472f000 	C:\Windows\System32\WS2_32.dll
0x00007fff40300000 - 0x00007fff40333000 	C:\Windows\SYSTEM32\WINMM.dll
0x00007fff422c0000 - 0x00007fff422d8000 	C:\Windows\SYSTEM32\kernel.appcore.dll
0x00007fff3ae70000 - 0x00007fff3ae80000 	C:\Program Files\Java\jdk-11.0.13\bin\verify.dll
0x00007fff40b50000 - 0x00007fff40d71000 	C:\Windows\SYSTEM32\DBGHELP.DLL
0x00007fff40290000 - 0x00007fff402c1000 	C:\Windows\SYSTEM32\dbgcore.DLL
0x00007fff43230000 - 0x00007fff432af000 	C:\Windows\System32\bcryptPrimitives.dll
0x00007fff28610000 - 0x00007fff28638000 	C:\Program Files\Java\jdk-11.0.13\bin\java.dll
0x00007fff3a240000 - 0x00007fff3a24a000 	C:\Program Files\Java\jdk-11.0.13\bin\jimage.dll
0x00007fff23420000 - 0x00007fff23458000 	C:\Program Files\Java\jdk-11.0.13\bin\jdwp.dll
0x00007fff28960000 - 0x00007fff2896e000 	C:\Program Files\Java\jdk-11.0.13\bin\instrument.dll
0x00007fff28580000 - 0x00007fff28596000 	C:\Program Files\Java\jdk-11.0.13\bin\zip.dll
0x00007fff43c20000 - 0x00007fff443ce000 	C:\Windows\System32\SHELL32.dll
0x00007fff41210000 - 0x00007fff41a77000 	C:\Windows\SYSTEM32\windows.storage.dll
0x00007fff455d0000 - 0x00007fff45948000 	C:\Windows\System32\combase.dll
0x00007fff410a0000 - 0x00007fff41206000 	C:\Windows\SYSTEM32\wintypes.dll
0x00007fff454d0000 - 0x00007fff455ba000 	C:\Windows\System32\SHCORE.dll
0x00007fff44da0000 - 0x00007fff44dfd000 	C:\Windows\System32\shlwapi.dll
0x00007fff43000000 - 0x00007fff43021000 	C:\Windows\SYSTEM32\profapi.dll
0x00007fff264a0000 - 0x00007fff264aa000 	C:\Program Files\Java\jdk-11.0.13\bin\dt_socket.dll
0x00007fff426f0000 - 0x00007fff42757000 	C:\Windows\System32\mswsock.dll
0x00007fff41eb0000 - 0x00007fff41f97000 	C:\Windows\SYSTEM32\DNSAPI.dll
0x00007fff41e40000 - 0x00007fff41e6d000 	C:\Windows\SYSTEM32\IPHLPAPI.DLL
0x00007fff44e00000 - 0x00007fff44e09000 	C:\Windows\System32\NSI.dll
0x00007fff37010000 - 0x00007fff37091000 	C:\Windows\System32\fwpuclnt.dll
0x00007fff37290000 - 0x00007fff3729a000 	C:\Windows\System32\rasadhlp.dll
0x00007fff27860000 - 0x00007fff27879000 	C:\Program Files\Java\jdk-11.0.13\bin\net.dll
0x00007fff3a3b0000 - 0x00007fff3a4bc000 	C:\Windows\SYSTEM32\WINHTTP.dll
0x00007fff26220000 - 0x00007fff26232000 	C:\Program Files\Java\jdk-11.0.13\bin\nio.dll
0x00007fff28790000 - 0x00007fff28799000 	C:\Program Files\Java\jdk-11.0.13\bin\management.dll
0x00007fff285d0000 - 0x00007fff285db000 	C:\Program Files\Java\jdk-11.0.13\bin\management_ext.dll
0x00007ffea1390000 - 0x00007ffea13a7000 	C:\Windows\system32\napinsp.dll
0x00007ffea1370000 - 0x00007ffea138b000 	C:\Windows\system32\pnrpnsp.dll
0x00007ffea12b0000 - 0x00007ffea12c2000 	C:\Windows\System32\winrnr.dll
0x00007fff38440000 - 0x00007fff38455000 	C:\Windows\system32\wshbth.dll
0x00007fff277c0000 - 0x00007fff277df000 	C:\Windows\system32\nlansp_c.dll
0x00007fff42930000 - 0x00007fff42948000 	C:\Windows\SYSTEM32\CRYPTSP.dll
0x00007fff42220000 - 0x00007fff42255000 	C:\Windows\system32\rsaenh.dll
0x00007fff427e0000 - 0x00007fff42809000 	C:\Windows\SYSTEM32\USERENV.dll
0x00007fff42ab0000 - 0x00007fff42ad7000 	C:\Windows\SYSTEM32\bcrypt.dll
0x00007fff42950000 - 0x00007fff4295c000 	C:\Windows\SYSTEM32\CRYPTBASE.dll
0x00007fff38c00000 - 0x00007fff38c19000 	C:\Windows\SYSTEM32\dhcpcsvc6.DLL
0x00007fff39130000 - 0x00007fff3914e000 	C:\Windows\SYSTEM32\dhcpcsvc.DLL

dbghelp: loaded successfully - version: 4.0.5 - missing functions: none
symbol engine: initialized successfully - sym options: 0x614 - pdb path: .;C:\Program Files\Java\jdk-11.0.13\bin;C:\Windows\SYSTEM32;C:\Windows\WinSxS\amd64_microsoft.windows.common-controls_6595b64144ccf1df_6.0.22000.120_none_9d947278b86cc467;C:\Program Files\Java\jdk-11.0.13\bin\server

VM Arguments:
jvm_args: -agentlib:jdwp=transport=dt_socket,suspend=y,address=localhost:60811 -Dcom.sun.management.jmxremote -Dcom.sun.management.jmxremote.port=60810 -Dcom.sun.management.jmxremote.authenticate=false -Dcom.sun.management.jmxremote.ssl=false -Djava.rmi.server.hostname=localhost -Dspring.jmx.enabled=true -Dspring.application.admin.enabled=true -XX:TieredStopAtLevel=1 -Dspring.boot.project.name=texthelper -javaagent:C:\Users\juanp\eclipse\jee-2021-12\eclipse\configuration\org.eclipse.osgi\421\0\.cp\lib\javaagent-shaded.jar -Dfile.encoding=UTF-8 
java_command: br.com.texthelper.App --spring.profiles.active=local
java_class_path (initial): C:\Users\juanp\eclipse-workspace\texthelper\target\classes;C:\Users\juanp\.m2\repository\org\springframework\boot\spring-boot-starter-web\2.6.3\spring-boot-starter-web-2.6.3.jar;C:\Users\juanp\.m2\repository\org\springframework\boot\spring-boot-starter\2.6.3\spring-boot-starter-2.6.3.jar;C:\Users\juanp\.m2\repository\org\springframework\boot\spring-boot\2.6.3\spring-boot-2.6.3.jar;C:\Users\juanp\.m2\repository\org\springframework\boot\spring-boot-autoconfigure\2.6.3\spring-boot-autoconfigure-2.6.3.jar;C:\Users\juanp\.m2\repository\org\springframework\boot\spring-boot-starter-logging\2.6.3\spring-boot-starter-logging-2.6.3.jar;C:\Users\juanp\.m2\repository\ch\qos\logback\logback-classic\1.2.10\logback-classic-1.2.10.jar;C:\Users\juanp\.m2\repository\ch\qos\logback\logback-core\1.2.10\logback-core-1.2.10.jar;C:\Users\juanp\.m2\repository\org\apache\logging\log4j\log4j-to-slf4j\2.17.1\log4j-to-slf4j-2.17.1.jar;C:\Users\juanp\.m2\repository\org\apache\logging\log4j\log4j-api\2.17.1\log4j-api-2.17.1.jar;C:\Users\juanp\.m2\repository\org\slf4j\jul-to-slf4j\1.7.33\jul-to-slf4j-1.7.33.jar;C:\Users\juanp\.m2\repository\jakarta\annotation\jakarta.annotation-api\1.3.5\jakarta.annotation-api-1.3.5.jar;C:\Users\juanp\.m2\repository\org\yaml\snakeyaml\1.29\snakeyaml-1.29.jar;C:\Users\juanp\.m2\repository\org\springframework\boot\spring-boot-starter-json\2.6.3\spring-boot-starter-json-2.6.3.jar;C:\Users\juanp\.m2\repository\com\fasterxml\jackson\core\jackson-databind\2.13.1\jackson-databind-2.13.1.jar;C:\Users\juanp\.m2\repository\com\fasterxml\jackson\core\jackson-annotations\2.13.1\jackson-annotations-2.13.1.jar;C:\Users\juanp\.m2\repository\com\fasterxml\jackson\core\jackson-core\2.13.1\jackson-core-2.13.1.jar;C:\Users\juanp\.m2\repository\com\fasterxml\jackson\datatype\jackson-datatype-jdk8\2.13.1\jackson-datatype-jdk8-2.13.1.jar;C:\Users\juanp\.m2\repository\com\fasterxml\jackson\datatype\jackson-datatype-jsr310\2.13.1\jackson-datatype-jsr310-2.13
Launcher Type: SUN_STANDARD

[Global flags]
     intx CICompilerCount                          = 4                                         {product} {ergonomic}
     uint ConcGCThreads                            = 2                                         {product} {ergonomic}
     uint G1ConcRefinementThreads                  = 8                                         {product} {ergonomic}
   size_t G1HeapRegionSize                         = 1048576                                   {product} {ergonomic}
    uintx GCDrainStackTargetSize                   = 64                                        {product} {ergonomic}
   size_t InitialHeapSize                          = 264241152                                 {product} {ergonomic}
     bool ManagementServer                         = true                                      {product} {command line}
   size_t MarkStackSize                            = 4194304                                   {product} {ergonomic}
   size_t MaxHeapSize                              = 4227858432                                {product} {ergonomic}
   size_t MaxNewSize                               = 2536505344                                {product} {ergonomic}
   size_t MinHeapDeltaBytes                        = 1048576                                   {product} {ergonomic}
    uintx NonNMethodCodeHeapSize                   = 7549744                                {pd product} {ergonomic}
    uintx NonProfiledCodeHeapSize                  = 244108496                              {pd product} {ergonomic}
    uintx ProfiledCodeHeapSize                     = 0                                      {pd product} {ergonomic}
    uintx ReservedCodeCacheSize                    = 251658240                              {pd product} {ergonomic}
     bool SegmentedCodeCache                       = true                                      {product} {ergonomic}
     intx TieredStopAtLevel                        = 1                                         {product} {command line}
     bool UseCompressedClassPointers               = true                                 {lp64_product} {ergonomic}
     bool UseCompressedOops                        = true                                 {lp64_product} {ergonomic}
     bool UseG1GC                                  = true                                      {product} {ergonomic}
     bool UseLargePagesIndividualAllocation        = false                                  {pd product} {ergonomic}

Logging:
Log output configuration:
 #0: stdout all=warning uptime,level,tags
 #1: stderr all=off uptime,level,tags

Environment Variables:
JAVA_HOME=C:\Program Files\Java\jdk-11.0.13
PATH=C:/Program Files/Java/jdk-11.0.13/bin/server;C:/Program Files/Java/jdk-11.0.13/bin;C:\Windows\system32;C:\Windows;C:\Windows\System32\Wbem;C:\Windows\System32\WindowsPowerShell\v1.0\;C:\Windows\System32\OpenSSH\;C:\Program Files\NVIDIA Corporation\NVIDIA NvDLISR;C:\Program Files\Java\jdk-11.0.13\bin;C:\Program Files\apache-maven-3.8.4\bin;C:\Program Files\Git\cmd;C:\Program Files\PostgreSQL\14\bin;C:\Users\juanp\AppData\Local\Microsoft\WindowsApps;;C:\Users\juanp\AppData\Local\Programs\Microsoft VS Code\bin;C:\Windows\system32;
USERNAME=juanp
OS=Windows_NT
PROCESSOR_IDENTIFIER=Intel64 Family 6 Model 140 Stepping 2, GenuineIntel



---------------  S Y S T E M  ---------------

OS: Windows 10 , 64 bit Build 22000 (10.0.22000.434)

CPU:total 8 (initial active 8) (4 cores per cpu, 2 threads per core) family 6 model 140 stepping 2 microcode 0x16, cmov, cx8, fxsr, mmx, sse, sse2, sse3, ssse3, sse4.1, sse4.2, popcnt, avx, avx2, aes, clmul, erms, 3dnowpref, lzcnt, ht, tsc, tscinvbit, bmi1, bmi2, adx, evex, sha, fma

Memory: 4k page, system-wide physical 16122M (5877M free)
TotalPageFile size 30458M (AvailPageFile size 11243M)
current process WorkingSet (physical memory assigned to process): 262M, peak: 262M
current process commit charge ("private bytes"): 447M, peak: 448M

vm_info: Java HotSpot(TM) 64-Bit Server VM (11.0.13+10-LTS-370) for windows-amd64 JRE (11.0.13+10-LTS-370), built on Sep 15 2021 22:10:36 by "mach5one" with MS VC++ 15.9 (VS2017)

END.
